SELECT r.hotel_id, r.name, r.average, r.srch_ci, r.srch_co, hw3.avgc - hw2.avgc
from (
SELECT e.hotel_id, hw.name, AVG(hw.avgc) as average, e.srch_ci, e.srch_co
FROM EXPEDIA e
LEFT JOIN hotel_weather_data hw ON e.hotel_id = hw.ID
WHERE DATEDIFF(TO_DATE(e.srch_co), TO_DATE(e.srch_ci)) > 7
AND hw.weatherdate >= e.srch_ci AND hw.weatherdate <= e.srch_co
AND hw.avgc IS NOT NULL
GROUP BY e.hotel_id, hw.name, e.srch_ci, e.srch_co
) r
LEFT JOIN hotel_weather_data hw2 ON hotel_id = hw2.id AND srch_ci = hw2.weatherdate AND hw2.avgc IS NOT NULL
LEFT JOIN hotel_weather_data hw3 ON hotel_id = hw3.id AND srch_co = hw3.weatherdate AND hw3.avgc IS NOT NULL;



----------------------------Execution Plan ------------------------
STAGE PLANS:
  Stage: Stage-12
    Map Reduce Local Work
      Alias -> Map Local Tables:
        $hdt$_0:$hdt$_1:hw
          Fetch Operator
            limit: -1
      Alias -> Map Local Operator Tree:
        $hdt$_0:$hdt$_1:hw
          TableScan
            alias: hw
            filterExpr: (avgc is not null and id is not null) (type: boolean)
            Statistics: Num rows: 229448 Data size: 0 Basic stats: PARTIAL Column stats: NONE
            Filter Operator
              predicate: (avgc is not null and id is not null) (type: boolean)
              Statistics: Num rows: 1 Data size: 0 Basic stats: PARTIAL Column stats: NONE
              Select Operator
                expressions: weatherdate (type: string), avgc (type: double), id (type: bigint), name (type: string)
                outputColumnNames: _col0, _col1, _col2, _col3
                Statistics: Num rows: 1 Data size: 0 Basic stats: PARTIAL Column stats: NONE
                HashTable Sink Operator
                  keys:
                    0 _col2 (type: bigint)
                    1 _col2 (type: bigint)

  Stage: Stage-2
    Map Reduce
      Map Operator Tree:
          TableScan
            alias: e
            Statistics: Num rows: 2446563 Data size: 1379861760 Basic stats: COMPLETE Column stats: NONE
            Filter Operator
              predicate: ((datediff(to_date(srch_co), to_date(srch_ci)) > 7) and hotel_id is not null) (type: boolean)
              Statistics: Num rows: 815521 Data size: 459953920 Basic stats: COMPLETE Column stats: NONE
              Select Operator
                expressions: srch_ci (type: string), srch_co (type: string), hotel_id (type: bigint)
                outputColumnNames: _col0, _col1, _col2
                Statistics: Num rows: 815521 Data size: 459953920 Basic stats: COMPLETE Column stats: NONE
                Map Join Operator
                  condition map:
                       Inner Join 0 to 1
                  keys:
                    0 _col2 (type: bigint)
                    1 _col2 (type: bigint)
                  outputColumnNames: _col0, _col1, _col2, _col3, _col4, _col6
                  Statistics: Num rows: 897073 Data size: 505949322 Basic stats: PARTIAL Column stats: NONE
                  Filter Operator
                    predicate: ((_col3 <= _col1) and (_col3 >= _col0)) (type: boolean)
                    Statistics: Num rows: 99674 Data size: 56216152 Basic stats: PARTIAL Column stats: NONE
                    Select Operator
                      expressions: _col0 (type: string), _col1 (type: string), _col2 (type: bigint), _col4 (type: double), _col6 (type: string)
                      outputColumnNames: _col0, _col1, _col2, _col4, _col6
                      Statistics: Num rows: 99674 Data size: 56216152 Basic stats: PARTIAL Column stats: NONE
                      Group By Operator
                        aggregations: sum(_col4), count(_col4)
                        keys: _col2 (type: bigint), _col0 (type: string), _col1 (type: string), _col6 (type: string)
                        mode: hash
                        outputColumnNames: _col0, _col1, _col2, _col3, _col4, _col5
                        Statistics: Num rows: 99674 Data size: 56216152 Basic stats: PARTIAL Column stats: NONE
                        Reduce Output Operator
                          key expressions: _col0 (type: bigint), _col1 (type: string), _col2 (type: string), _col3 (type: string)
                          sort order: ++++
                          Map-reduce partition columns: _col0 (type: bigint), _col1 (type: string), _col2 (type: string), _col3 (type: string)
                          Statistics: Num rows: 99674 Data size: 56216152 Basic stats: PARTIAL Column stats: NONE
                          value expressions: _col4 (type: double), _col5 (type: bigint)
      Execution mode: vectorized
      Local Work:
        Map Reduce Local Work
      Reduce Operator Tree:
        Group By Operator
          aggregations: sum(VALUE._col0), count(VALUE._col1)
          keys: KEY._col0 (type: bigint), KEY._col1 (type: string), KEY._col2 (type: string), KEY._col3 (type: string)
          mode: mergepartial
          outputColumnNames: _col0, _col1, _col2, _col3, _col4, _col5
          Statistics: Num rows: 49837 Data size: 28108076 Basic stats: PARTIAL Column stats: NONE
          Select Operator
            expressions: _col0 (type: bigint), _col3 (type: string), (_col4 / _col5) (type: double), _col1 (type: string), _col2 (type: string)
            outputColumnNames: _col0, _col1, _col2, _col3, _col4
            Statistics: Num rows: 49837 Data size: 28108076 Basic stats: PARTIAL Column stats: NONE
            File Output Operator
              compressed: false
              table:
                  input format: org.apache.hadoop.mapred.SequenceFileInputFormat
                  output format: org.apache.hadoop.hive.ql.io.HiveSequenceFileOutputFormat
                  serde: org.apache.hadoop.hive.serde2.lazybinary.LazyBinarySerDe

  Stage: Stage-11
    Map Reduce Local Work
      Alias -> Map Local Tables:
        $hdt$_1:hw2
          Fetch Operator
            limit: -1
        $hdt$_2:hw3
          Fetch Operator
            limit: -1
      Alias -> Map Local Operator Tree:
        $hdt$_1:hw2
          TableScan
            alias: hw2
            filterExpr: (avgc is not null and id is not null) (type: boolean)
            Statistics: Num rows: 229448 Data size: 0 Basic stats: PARTIAL Column stats: NONE
            Filter Operator
              predicate: (avgc is not null and id is not null) (type: boolean)
              Statistics: Num rows: 1 Data size: 0 Basic stats: PARTIAL Column stats: NONE
              Select Operator
                expressions: weatherdate (type: string), avgc (type: double), id (type: bigint)
                outputColumnNames: _col0, _col1, _col2
                Statistics: Num rows: 1 Data size: 0 Basic stats: PARTIAL Column stats: NONE
                HashTable Sink Operator
                  keys:
                    0 _col0 (type: bigint), _col3 (type: string)
                    1 _col2 (type: bigint), _col0 (type: string)
        $hdt$_2:hw3
          TableScan
            alias: hw3
            filterExpr: (avgc is not null and id is not null) (type: boolean)
            Statistics: Num rows: 229448 Data size: 0 Basic stats: PARTIAL Column stats: NONE
            Filter Operator
              predicate: (avgc is not null and id is not null) (type: boolean)
              Statistics: Num rows: 1 Data size: 0 Basic stats: PARTIAL Column stats: NONE
              Select Operator
                expressions: weatherdate (type: string), avgc (type: double), id (type: bigint)
                outputColumnNames: _col0, _col1, _col2
                Statistics: Num rows: 1 Data size: 0 Basic stats: PARTIAL Column stats: NONE
                HashTable Sink Operator
                  keys:
                    0 _col0 (type: bigint), _col4 (type: string)
                    1 _col2 (type: bigint), _col0 (type: string)

  Stage: Stage-8
    Map Reduce
      Map Operator Tree:
          TableScan
            Map Join Operator
              condition map:
                   Left Outer Join 0 to 1
              keys:
                0 _col0 (type: bigint), _col3 (type: string)
                1 _col2 (type: bigint), _col0 (type: string)
              outputColumnNames: _col0, _col1, _col2, _col3, _col4, _col6
              Statistics: Num rows: 54820 Data size: 30918884 Basic stats: PARTIAL Column stats: NONE
              Map Join Operator
                condition map:
                     Left Outer Join 0 to 1
                keys:
                  0 _col0 (type: bigint), _col4 (type: string)
                  1 _col2 (type: bigint), _col0 (type: string)
                outputColumnNames: _col0, _col1, _col2, _col3, _col4, _col6, _col9
                Statistics: Num rows: 60302 Data size: 34010773 Basic stats: PARTIAL Column stats: NONE
                Select Operator
                  expressions: _col0 (type: bigint), _col1 (type: string), _col2 (type: double), _col3 (type: string), _col4 (type: string), (_col9 - _col6) (type: double)
                  outputColumnNames: _col0, _col1, _col2, _col3, _col4, _col5
                  Statistics: Num rows: 60302 Data size: 34010773 Basic stats: PARTIAL Column stats: NONE
                  File Output Operator
                    compressed: false
                    Statistics: Num rows: 60302 Data size: 34010773 Basic stats: PARTIAL Column stats: NONE
                    table:
                        input format: org.apache.hadoop.mapred.SequenceFileInputFormat
                        output format: org.apache.hadoop.hive.ql.io.HiveSequenceFileOutputFormat
                        serde: org.apache.hadoop.hive.serde2.lazy.LazySimpleSerDe
      Execution mode: vectorized
      Local Work:
        Map Reduce Local Work

  Stage: Stage-0
    Fetch Operator
      limit: -1
      Processor Tree:
        ListSink

Time taken: 0.33 seconds, Fetched: 177 row(s)