select  hotel_id, count(hotel_id) as max_visited  
from expedia 
group by hotel_id, date_format(srch_ci, 'MM') 
ORDER BY count(e.hotel_id) desc
LIMIT 10;

OK
455266533377    416
2018634629125   407
1829656068103   397
1881195675654   397
2448131358721   396
128849018887    393
1408749273088   393
2817498546179   393
2413771620353   391
3092376453124   388
Time taken: 46.322 seconds, Fetched: 10 row(s)



----------------------------Execution Plan ------------------------
explain  hotel_id, count(hotel_id) as max_visited  
from expedia 
group by hotel_id, date_format(srch_ci, 'MM') 
ORDER BY count(e.hotel_id) desc
LIMIT 10;

OK
STAGE DEPENDENCIES:
  Stage-1 is a root stage
  Stage-2 depends on stages: Stage-1
  Stage-0 depends on stages: Stage-2

STAGE PLANS:
  Stage: Stage-1
    Map Reduce
      Map Operator Tree:
          TableScan
            alias: e
            Statistics: Num rows: 2446563 Data size: 1379861760 Basic stats: COMPLETE Column stats: NONE
            Filter Operator
              predicate: count(e.hotel_id) (type: int)
              Statistics: Num rows: 271840 Data size: 153317785 Basic stats: COMPLETE Column stats: NONE
              Select Operator
                expressions: count(e.hotel_id) (type: int)
                outputColumnNames: _col0, _col1
                Statistics: Num rows: 271840 Data size: 153317785 Basic stats: COMPLETE Column stats: NONE
                Group By Operator
                  aggregations: count(_col0)
                  keys: _col0 (type: bigint), _col1 (type: string)
                  mode: hash
                  outputColumnNames: _col0, _col1, _col2
                  Statistics: Num rows: 271840 Data size: 153317785 Basic stats: COMPLETE Column stats: NONE
                  Reduce Output Operator
                    key expressions: _col0 (type: bigint), _col1 (type: string)
                    sort order: ++
                    Map-reduce partition columns: _col0 (type: bigint), _col1 (type: string)
                    Statistics: Num rows: 271840 Data size: 153317785 Basic stats: COMPLETE Column stats: NONE
                    value expressions: _col2 (type: bigint)
      Execution mode: vectorized
      Reduce Operator Tree:
        Group By Operator
          aggregations: count(VALUE._col0)
          keys: KEY._col0 (type: bigint), KEY._col1 (type: string)
          mode: mergepartial
          outputColumnNames: _col0, _col1, _col2
          Statistics: Num rows: 135920 Data size: 76658892 Basic stats: COMPLETE Column stats: NONE
          Select Operator
            expressions: _col0 (type: bigint), _col2 (type: bigint)
            outputColumnNames: _col0, _col2
            Statistics: Num rows: 135920 Data size: 76658892 Basic stats: COMPLETE Column stats: NONE
            File Output Operator
              compressed: false
              table:
                  input format: org.apache.hadoop.mapred.SequenceFileInputFormat
                  output format: org.apache.hadoop.hive.ql.io.HiveSequenceFileOutputFormat
                  serde: org.apache.hadoop.hive.serde2.lazybinary.LazyBinarySerDe

  Stage: Stage-2
    Map Reduce
      Map Operator Tree:
          TableScan
            Reduce Output Operator
              key expressions: _col2 (type: bigint)
              sort order: -
              Statistics: Num rows: 135920 Data size: 76658892 Basic stats: COMPLETE Column stats: NONE
              TopN Hash Memory Usage: 0.1
              value expressions: _col0 (type: bigint)
      Execution mode: vectorized
      Reduce Operator Tree:
        Select Operator
          expressions: VALUE._col0 (type: bigint), KEY.reducesinkkey0 (type: bigint)
          outputColumnNames: _col0, _col1
          Statistics: Num rows: 135920 Data size: 76658892 Basic stats: COMPLETE Column stats: NONE
          Limit
            Number of rows: 10
            Statistics: Num rows: 10 Data size: 5640 Basic stats: COMPLETE Column stats: NONE
            File Output Operator
              compressed: false
              Statistics: Num rows: 10 Data size: 5640 Basic stats: COMPLETE Column stats: NONE
              table:
                  input format: org.apache.hadoop.mapred.SequenceFileInputFormat
                  output format: org.apache.hadoop.hive.ql.io.HiveSequenceFileOutputFormat
                  serde: org.apache.hadoop.hive.serde2.lazy.LazySimpleSerDe

  Stage: Stage-0
    Fetch Operator
      limit: -1
      Processor Tree:
        ListSink

Time taken: 0.07 seconds, Fetched: 83 row(s)
